<?xml version="1.0" encoding="UTF-8"?>
<robot generator="Robot 3.2.2 (Python 3.7.2 on win32)" generated="20201008 18:39:05.726" rpa="false">
<suite id="s1" name="TC 001" source="D:\projects\robotframework_projects\Test_cases\TC_001.robot">
<test id="s1-t1" name="Valid Login">
<kw name="Open Browser" library="SeleniumLibrary">
<doc>Opens a new browser instance to the optional ``url``.</doc>
<arguments>
<arg>${LOGIN URL}</arg>
<arg>${BROWSER}</arg>
</arguments>
<msg timestamp="20201008 18:39:05.950" level="INFO">Opening browser 'Chrome' to base url 'http://facebook.com'.</msg>
<status status="PASS" starttime="20201008 18:39:05.950" endtime="20201008 18:39:10.109"></status>
</kw>
<kw name="Sleep" library="BuiltIn">
<doc>Pauses the test executed for the given time.</doc>
<arguments>
<arg>5</arg>
</arguments>
<msg timestamp="20201008 18:39:15.120" level="INFO">Slept 5 seconds</msg>
<status status="PASS" starttime="20201008 18:39:10.109" endtime="20201008 18:39:15.120"></status>
</kw>
<kw name="Close Browser" library="SeleniumLibrary">
<doc>Closes the current browser.</doc>
<status status="PASS" starttime="20201008 18:39:15.120" endtime="20201008 18:39:17.693"></status>
</kw>
<status status="PASS" starttime="20201008 18:39:05.950" endtime="20201008 18:39:17.693" critical="yes"></status>
</test>
<status status="PASS" starttime="20201008 18:39:05.734" endtime="20201008 18:39:17.693"></status>
</suite>
<statistics>
<total>
<stat pass="1" fail="0">Critical Tests</stat>
<stat pass="1" fail="0">All Tests</stat>
</total>
<tag>
</tag>
<suite>
<stat pass="1" fail="0" id="s1" name="TC 001">TC 001</stat>
</suite>
</statistics>
<errors>
</errors>
</robot>
